# JRE version: Java(TM) SE Runtime Environment (17.0+35) (build 17+35-LTS-2724)
# Java VM: Java HotSpot(TM) 64-Bit Server VM (17+35-LTS-2724, mixed mode, sharing, tiered, compressed oops, compressed class ptrs, g1 gc, windows-amd64)
GC Precious Log:
 CPUs: 12 total, 12 available
 Memory: 16255M
 Large Page Support: Disabled
 NUMA Support: Disabled
 Compressed Oops: Enabled (Zero based)
 Heap Region Size: 2M
 Heap Min Capacity: 8M
 Heap Initial Capacity: 254M
 Heap Max Capacity: 4064M
 Pre-touch: Disabled
 Parallel Workers: 10
 Concurrent Workers: 3
 Concurrent Refinement Workers: 10
 Periodic GC: Disabled
Heap:
 garbage-first heap   total 260096K, used 74610K [0x0000000702000000, 0x0000000800000000)
  region size 2048K, 20 young (40960K), 5 survivors (10240K)
 Metaspace       used 19934K, committed 20224K, reserved 1073152K
  class space    used 2625K, committed 2752K, reserved 1048576K
GC Heap History (12 events):
Event: 0.531 GC heap before
{Heap before GC invocations=0 (full 0):
 garbage-first heap   total 260096K, used 20480K [0x0000000702000000, 0x0000000800000000)
  region size 2048K, 11 young (22528K), 0 survivors (0K)
 Metaspace       used 2843K, committed 3008K, reserved 1056768K
  class space    used 284K, committed 384K, reserved 1048576K
}
Event: 0.534 GC heap after
{Heap after GC invocations=1 (full 0):
 garbage-first heap   total 260096K, used 6789K [0x0000000702000000, 0x0000000800000000)
  region size 2048K, 2 young (4096K), 2 survivors (4096K)
 Metaspace       used 2843K, committed 3008K, reserved 1056768K
  class space    used 284K, committed 384K, reserved 1048576K
}
Event: 0.835 GC heap before
{Heap before GC invocations=1 (full 0):
 garbage-first heap   total 260096K, used 29317K [0x0000000702000000, 0x0000000800000000)
  region size 2048K, 14 young (28672K), 2 survivors (4096K)
 Metaspace       used 8558K, committed 8768K, reserved 1064960K
  class space    used 1154K, committed 1280K, reserved 1048576K
}
Event: 0.839 GC heap after
{Heap after GC invocations=2 (full 0):
 garbage-first heap   total 260096K, used 9834K [0x0000000702000000, 0x0000000800000000)
  region size 2048K, 2 young (4096K), 2 survivors (4096K)
 Metaspace       used 8558K, committed 8768K, reserved 1064960K
  class space    used 1154K, committed 1280K, reserved 1048576K
}
Event: 7.468 GC heap before
{Heap before GC invocations=2 (full 0):
 garbage-first heap   total 260096K, used 200298K [0x0000000702000000, 0x0000000800000000)
  region size 2048K, 72 young (147456K), 2 survivors (4096K)
 Metaspace       used 19501K, committed 19776K, reserved 1073152K
  class space    used 2620K, committed 2752K, reserved 1048576K
}
Event: 7.473 GC heap after
{Heap after GC invocations=3 (full 0):
 garbage-first heap   total 260096K, used 19668K [0x0000000702000000, 0x0000000800000000)
  region size 2048K, 5 young (10240K), 5 survivors (10240K)
 Metaspace       used 19501K, committed 19776K, reserved 1073152K
  class space    used 2620K, committed 2752K, reserved 1048576K
}
Event: 10.862 GC heap before
{Heap before GC invocations=3 (full 0):
 garbage-first heap   total 260096K, used 228564K [0x0000000702000000, 0x0000000800000000)
  region size 2048K, 58 young (118784K), 5 survivors (10240K)
 Metaspace       used 19650K, committed 19904K, reserved 1073152K
  class space    used 2622K, committed 2752K, reserved 1048576K
}
Event: 10.866 GC heap after
{Heap after GC invocations=4 (full 0):
 garbage-first heap   total 260096K, used 17880K [0x0000000702000000, 0x0000000800000000)
  region size 2048K, 5 young (10240K), 5 survivors (10240K)
 Metaspace       used 19650K, committed 19904K, reserved 1073152K
  class space    used 2622K, committed 2752K, reserved 1048576K
}
Event: 15.674 GC heap before
{Heap before GC invocations=4 (full 0):
 garbage-first heap   total 260096K, used 228824K [0x0000000702000000, 0x0000000800000000)
  region size 2048K, 58 young (118784K), 5 survivors (10240K)
 Metaspace       used 19786K, committed 20032K, reserved 1073152K
  class space    used 2625K, committed 2752K, reserved 1048576K
}
Event: 15.678 GC heap after
{Heap after GC invocations=5 (full 0):
 garbage-first heap   total 260096K, used 16815K [0x0000000702000000, 0x0000000800000000)
  region size 2048K, 4 young (8192K), 4 survivors (8192K)
 Metaspace       used 19786K, committed 20032K, reserved 1073152K
  class space    used 2625K, committed 2752K, reserved 1048576K
}
Event: 20.875 GC heap before
{Heap before GC invocations=5 (full 0):
 garbage-first heap   total 260096K, used 227759K [0x0000000702000000, 0x0000000800000000)
  region size 2048K, 57 young (116736K), 4 survivors (8192K)
 Metaspace       used 19872K, committed 20160K, reserved 1073152K
  class space    used 2625K, committed 2752K, reserved 1048576K
}
Event: 20.879 GC heap after
{Heap after GC invocations=6 (full 0):
 garbage-first heap   total 260096K, used 17266K [0x0000000702000000, 0x0000000800000000)
  region size 2048K, 5 young (10240K), 5 survivors (10240K)
 Metaspace       used 19872K, committed 20160K, reserved 1073152K
  class space    used 2625K, committed 2752K, reserved 1048576K
}

